<?xml version="1.0" encoding="UTF-8"?>
<testsuite xmlns:xsi="http://www.w3.org/2001/XMLSchema-instance" xsi:noNamespaceSchemaLocation="https://maven.apache.org/surefire/maven-surefire-plugin/xsd/surefire-test-report.xsd" version="3.0.2" name="br.com.marcosferreira.receitasecreta.api.ReceitasecretaApiApplicationTests" time="5.803" tests="1" errors="0" skipped="0" failures="0">
  <properties>
[...]
</properties>
  <testcase name="contextLoads" classname="br.com.marcosferreira.receitasecreta.api.ReceitasecretaApiApplicationTests" time="0.555">
    <system-out><![CDATA[Standard Commons Logging discovery in action with spring-jcl: please remove commons-logging.jar from classpath in order to avoid potential conflicts

  .   ____          _            __ _ _
 /\\ / ___'_ __ _ _(_)_ __  __ _ \ \ \ \
( ( )\___ | '_ | '_| | '_ \/ _` | \ \ \ \
 \\/  ___)| |_)| | | | | || (_| |  ) ) ) )
  '  |____| .__|_| |_|_| |_\__, | / / / /
 =========|_|==============|___/=/_/_/_/

&amp#27;[32m :: Spring Boot :: &amp#27;[39m              &amp#27;[2m (v3.4.4)&amp#27;[0;39m

&amp#27;[2m2025-05-02T17:24:52.582-03:00&amp#27;[0;39m &amp#27;[32m INFO&amp#27;[0;39m &amp#27;[35m6356&amp#27;[0;39m &amp#27;[2m--- [           main] &amp#27;[0;39m&amp#27;[36m.m.r.a.ReceitasecretaApiApplicationTests&amp#27;[0;39m &amp#27;[2m:&amp#27;[0;39m Starting ReceitasecretaApiApplicationTests using Java 21.0.2 with PID 6356 (started by marco in C:\Users\marco\OneDrive\Projects\receitasecreta_api)
&amp#27;[2m2025-05-02T17:24:52.582-03:00&amp#27;[0;39m &amp#27;[32m INFO&amp#27;[0;39m &amp#27;[35m6356&amp#27;[0;39m &amp#27;[2m--- [           main] &amp#27;[0;39m&amp#27;[36m.m.r.a.ReceitasecretaApiApplicationTests&amp#27;[0;39m &amp#27;[2m:&amp#27;[0;39m No active profile set, falling back to 1 default profile: "default"
&amp#27;[2m2025-05-02T17:24:52.639-03:00&amp#27;[0;39m &amp#27;[32mDEBUG&amp#27;[0;39m &amp#27;[35m6356&amp#27;[0;39m &amp#27;[2m--- [           main] &amp#27;[0;39m&amp#27;[36mo.s.w.c.s.GenericWebApplicationContext  &amp#27;[0;39m &amp#27;[2m:&amp#27;[0;39m Refreshing org.springframework.web.context.support.GenericWebApplicationContext@77134e08
&amp#27;[2m2025-05-02T17:24:53.331-03:00&amp#27;[0;39m &amp#27;[32m INFO&amp#27;[0;39m &amp#27;[35m6356&amp#27;[0;39m &amp#27;[2m--- [           main] &amp#27;[0;39m&amp#27;[36m.s.d.r.c.RepositoryConfigurationDelegate&amp#27;[0;39m &amp#27;[2m:&amp#27;[0;39m Bootstrapping Spring Data JPA repositories in DEFAULT mode.
&amp#27;[2m2025-05-02T17:24:53.409-03:00&amp#27;[0;39m &amp#27;[32m INFO&amp#27;[0;39m &amp#27;[35m6356&amp#27;[0;39m &amp#27;[2m--- [           main] &amp#27;[0;39m&amp#27;[36m.s.d.r.c.RepositoryConfigurationDelegate&amp#27;[0;39m &amp#27;[2m:&amp#27;[0;39m Finished Spring Data repository scanning in 59 ms. Found 4 JPA repository interfaces.
&amp#27;[2m2025-05-02T17:24:53.962-03:00&amp#27;[0;39m &amp#27;[32m INFO&amp#27;[0;39m &amp#27;[35m6356&amp#27;[0;39m &amp#27;[2m--- [           main] &amp#27;[0;39m&amp#27;[36mo.h.j.i.u.LogHelper                     &amp#27;[0;39m &amp#27;[2m:&amp#27;[0;39m HHH000204: Processing PersistenceUnitInfo [name: default]
&amp#27;[2m2025-05-02T17:24:54.025-03:00&amp#27;[0;39m &amp#27;[32m INFO&amp#27;[0;39m &amp#27;[35m6356&amp#27;[0;39m &amp#27;[2m--- [           main] &amp#27;[0;39m&amp#27;[36mo.h.Version                             &amp#27;[0;39m &amp#27;[2m:&amp#27;[0;39m HHH000412: Hibernate ORM core version 6.6.11.Final
&amp#27;[2m2025-05-02T17:24:54.058-03:00&amp#27;[0;39m &amp#27;[32m INFO&amp#27;[0;39m &amp#27;[35m6356&amp#27;[0;39m &amp#27;[2m--- [           main] &amp#27;[0;39m&amp#27;[36mo.h.c.i.RegionFactoryInitiator          &amp#27;[0;39m &amp#27;[2m:&amp#27;[0;39m HHH000026: Second-level cache disabled
&amp#27;[2m2025-05-02T17:24:54.297-03:00&amp#27;[0;39m &amp#27;[32m INFO&amp#27;[0;39m &amp#27;[35m6356&amp#27;[0;39m &amp#27;[2m--- [           main] &amp#27;[0;39m&amp#27;[36mo.s.o.j.p.SpringPersistenceUnitInfo     &amp#27;[0;39m &amp#27;[2m:&amp#27;[0;39m No LoadTimeWeaver setup: ignoring JPA class transformer
&amp#27;[2m2025-05-02T17:24:54.327-03:00&amp#27;[0;39m &amp#27;[32m INFO&amp#27;[0;39m &amp#27;[35m6356&amp#27;[0;39m &amp#27;[2m--- [           main] &amp#27;[0;39m&amp#27;[36mc.z.h.HikariDataSource                  &amp#27;[0;39m &amp#27;[2m:&amp#27;[0;39m HikariPool-1 - Starting...
&amp#27;[2m2025-05-02T17:24:54.583-03:00&amp#27;[0;39m &amp#27;[32m INFO&amp#27;[0;39m &amp#27;[35m6356&amp#27;[0;39m &amp#27;[2m--- [           main] &amp#27;[0;39m&amp#27;[36mc.z.h.p.HikariPool                      &amp#27;[0;39m &amp#27;[2m:&amp#27;[0;39m HikariPool-1 - Added connection org.postgresql.jdbc.PgConnection@612ac38b
&amp#27;[2m2025-05-02T17:24:54.583-03:00&amp#27;[0;39m &amp#27;[32m INFO&amp#27;[0;39m &amp#27;[35m6356&amp#27;[0;39m &amp#27;[2m--- [           main] &amp#27;[0;39m&amp#27;[36mc.z.h.HikariDataSource                  &amp#27;[0;39m &amp#27;[2m:&amp#27;[0;39m HikariPool-1 - Start completed.
&amp#27;[2m2025-05-02T17:24:54.650-03:00&amp#27;[0;39m &amp#27;[32m INFO&amp#27;[0;39m &amp#27;[35m6356&amp#27;[0;39m &amp#27;[2m--- [           main] &amp#27;[0;39m&amp#27;[36mo.h.o.c.pooling                         &amp#27;[0;39m &amp#27;[2m:&amp#27;[0;39m HHH10001005: Database info:
	Database JDBC URL [Connecting through datasource 'HikariDataSource (HikariPool-1)']
	Database driver: undefined/unknown
	Database version: 15.7
	Autocommit mode: undefined/unknown
	Isolation level: undefined/unknown
	Minimum pool size: undefined/unknown
	Maximum pool size: undefined/unknown
&amp#27;[2m2025-05-02T17:24:55.419-03:00&amp#27;[0;39m &amp#27;[32m INFO&amp#27;[0;39m &amp#27;[35m6356&amp#27;[0;39m &amp#27;[2m--- [           main] &amp#27;[0;39m&amp#27;[36mo.h.e.t.j.p.i.JtaPlatformInitiator      &amp#27;[0;39m &amp#27;[2m:&amp#27;[0;39m HHH000489: No JTA platform available (set 'hibernate.transaction.jta.platform' to enable JTA platform integration)
&amp#27;[2m2025-05-02T17:24:55.486-03:00&amp#27;[0;39m &amp#27;[32m INFO&amp#27;[0;39m &amp#27;[35m6356&amp#27;[0;39m &amp#27;[2m--- [           main] &amp#27;[0;39m&amp#27;[36mj.LocalContainerEntityManagerFactoryBean&amp#27;[0;39m &amp#27;[2m:&amp#27;[0;39m Initialized JPA EntityManagerFactory for persistence unit 'default'
&amp#27;[2m2025-05-02T17:24:55.922-03:00&amp#27;[0;39m &amp#27;[32m INFO&amp#27;[0;39m &amp#27;[35m6356&amp#27;[0;39m &amp#27;[2m--- [           main] &amp#27;[0;39m&amp#27;[36mo.s.d.j.r.q.QueryEnhancerFactory        &amp#27;[0;39m &amp#27;[2m:&amp#27;[0;39m Hibernate is in classpath; If applicable, HQL parser will be used.
&amp#27;[2m2025-05-02T17:24:56.189-03:00&amp#27;[0;39m &amp#27;[33m WARN&amp#27;[0;39m &amp#27;[35m6356&amp#27;[0;39m &amp#27;[2m--- [           main] &amp#27;[0;39m&amp#27;[36mJpaBaseConfiguration$JpaWebConfiguration&amp#27;[0;39m &amp#27;[2m:&amp#27;[0;39m spring.jpa.open-in-view is enabled by default. Therefore, database queries may be performed during view rendering. Explicitly configure spring.jpa.open-in-view to disable this warning
&amp#27;[2m2025-05-02T17:24:56.504-03:00&amp#27;[0;39m &amp#27;[32mDEBUG&amp#27;[0;39m &amp#27;[35m6356&amp#27;[0;39m &amp#27;[2m--- [           main] &amp#27;[0;39m&amp#27;[36ms.w.s.m.m.a.RequestMappingHandlerMapping&amp#27;[0;39m &amp#27;[2m:&amp#27;[0;39m 21 mappings in 'requestMappingHandlerMapping'
&amp#27;[2m2025-05-02T17:24:56.568-03:00&amp#27;[0;39m &amp#27;[32mDEBUG&amp#27;[0;39m &amp#27;[35m6356&amp#27;[0;39m &amp#27;[2m--- [           main] &amp#27;[0;39m&amp#27;[36mo.s.w.s.h.SimpleUrlHandlerMapping       &amp#27;[0;39m &amp#27;[2m:&amp#27;[0;39m Patterns [/webjars/**, /**, /swagger-ui*/*swagger-initializer.js, /swagger-ui*/**] in 'resourceHandlerMapping'
&amp#27;[2m2025-05-02T17:24:56.599-03:00&amp#27;[0;39m &amp#27;[32mDEBUG&amp#27;[0;39m &amp#27;[35m6356&amp#27;[0;39m &amp#27;[2m--- [           main] &amp#27;[0;39m&amp#27;[36ms.w.s.m.m.a.RequestMappingHandlerAdapter&amp#27;[0;39m &amp#27;[2m:&amp#27;[0;39m ControllerAdvice beans: 0 @ModelAttribute, 0 @InitBinder, 1 RequestBodyAdvice, 1 ResponseBodyAdvice
&amp#27;[2m2025-05-02T17:24:56.668-03:00&amp#27;[0;39m &amp#27;[32mDEBUG&amp#27;[0;39m &amp#27;[35m6356&amp#27;[0;39m &amp#27;[2m--- [           main] &amp#27;[0;39m&amp#27;[36m.m.m.a.ExceptionHandlerExceptionResolver&amp#27;[0;39m &amp#27;[2m:&amp#27;[0;39m ControllerAdvice beans: 2 @ExceptionHandler, 1 ResponseBodyAdvice
&amp#27;[2m2025-05-02T17:24:56.883-03:00&amp#27;[0;39m &amp#27;[32m INFO&amp#27;[0;39m &amp#27;[35m6356&amp#27;[0;39m &amp#27;[2m--- [           main] &amp#27;[0;39m&amp#27;[36m.m.r.a.ReceitasecretaApiApplicationTests&amp#27;[0;39m &amp#27;[2m:&amp#27;[0;39m Started ReceitasecretaApiApplicationTests in 4.676 seconds (process running for 6.175)
]]></system-out>
    <system-err><![CDATA[Mockito is currently self-attaching to enable the inline-mock-maker. This will no longer work in future releases of the JDK. Please add Mockito as an agent to your build what is described in Mockito's documentation: https://javadoc.io/doc/org.mockito/mockito-core/latest/org/mockito/Mockito.html#0.3
WARNING: A Java agent has been loaded dynamically (C:\Users\marco\.m2\repository\net\bytebuddy\byte-buddy-agent\1.15.11\byte-buddy-agent-1.15.11.jar)
WARNING: If a serviceability tool is in use, please run with -XX:+EnableDynamicAgentLoading to hide this warning
WARNING: If a serviceability tool is not in use, please run with -Djdk.instrument.traceUsage for more information
WARNING: Dynamic loading of agents will be disallowed by default in a future release
]]></system-err>
  </testcase>
</testsuite>